 12/22/92   5:24 pm  C PRINTER - (c) 1987, 1988 rev. 1.3             Page:   1
 ______________________________________________________________________________

  旼컴컴컴컴컴컴컴컴컴컴컴컴컴컴컴컴커
 캑main                              
  쿬p.c                  Functs= 19  
  읕쩡컴컴컴컴컴컴컴컴컴컴컴컴컴컴컴켸
     旼컴컴컴컴컴컴컴컴컴컴컴컴컴컴컴컴커
    쳐큡asty                             
     쿬pinput.c             Functs=  2  
     읕쩡컴컴컴컴컴컴컴컴컴컴컴컴컴컴컴켸
        旼컴컴컴컴컴컴컴컴컴컴컴컴컴컴컴컴커
       쳐큣rintf                            
        (library)               Used= 22  
        읕컴컴컴컴컴컴컴컴컴컴컴컴컴컴컴컴켸
        旼컴컴컴컴컴컴컴컴컴컴컴컴컴컴컴컴커
       읕큖xit                              
         (library)               Used=  1  
         읕컴컴컴컴컴컴컴컴컴컴컴컴컴컴컴컴켸
     旼컴컴컴컴컴컴컴컴컴컴컴컴컴컴컴컴커
    쳐큣rintf                            
     (library)               Used=  6  
     읕컴컴컴컴컴컴컴컴컴컴컴컴컴컴컴컴켸
     旼컴컴컴컴컴컴컴컴컴컴컴컴컴컴컴컴커
    쳐큗open                             
     (library)               Used=  3  
     읕컴컴컴컴컴컴컴컴컴컴컴컴컴컴컴컴켸
     旼컴컴컴컴컴컴컴컴컴컴컴컴컴컴컴컴커
    쳐큣rocess_arguments                 
     쿬pinput.c             Functs=  7  
     읕쩡컴컴컴컴컴컴컴컴컴컴컴컴컴컴컴켸
        旼컴컴컴컴컴컴컴컴컴컴컴컴컴컴컴컴커
       쳐큧olower                           
        (library)               Used=  1  
        읕컴컴컴컴컴컴컴컴컴컴컴컴컴컴컴컴켸
        旼컴컴컴컴컴컴컴컴컴컴컴컴컴컴컴컴커
       쳐큦trlen                            
        (library)               Used=  1  
        읕컴컴컴컴컴컴컴컴컴컴컴컴컴컴컴컴켸
        旼컴컴컴컴컴컴컴컴컴컴컴컴컴컴컴컴커
       쳐큑toi                              
        (library)               Used=  1  
        읕컴컴컴컴컴컴컴컴컴컴컴컴컴컴컴컴켸
        旼컴컴컴컴컴컴컴컴컴컴컴컴컴컴컴컴커
       쳐큦trcpy                            
        (library)               Used=  1  
        읕컴컴컴컴컴컴컴컴컴컴컴컴컴컴컴컴켸
        旼컴컴컴컴컴컴컴컴컴컴컴컴컴컴컴컴커
       쳐큣rintf                            
        (library)               Used= 39  
        읕컴컴컴컴컴컴컴컴컴컴컴컴컴컴컴컴켸
        旼컴컴컴컴컴컴컴컴컴컴컴컴컴컴컴컴커
       쳐큦izeof                            
        (library)               Used=  5  
        읕컴컴컴컴컴컴컴컴컴컴컴컴컴컴컴컴켸
        旼컴컴컴컴컴컴컴컴컴컴컴컴컴컴컴컴커
       읕큖xit                              
         (library)               Used=  1  
         읕컴컴컴컴컴컴컴컴컴컴컴컴컴컴컴컴켸
 12/22/92   5:24 pm  C PRINTER - (c) 1987, 1988 rev. 1.3             Page:   2
 ______________________________________________________________________________

     旼컴컴컴컴컴컴컴컴컴컴컴컴컴컴컴컴커
    쳐큖xit                              
     (library)               Used=  2  
     읕컴컴컴컴컴컴컴컴컴컴컴컴컴컴컴컴켸
     旼컴컴컴컴컴컴컴컴컴컴컴컴컴컴컴컴커
    쳐큦trerror                          
     (library)               Used=  1  
     읕컴컴컴컴컴컴컴컴컴컴컴컴컴컴컴컴켸
     旼컴컴컴컴컴컴컴컴컴컴컴컴컴컴컴컴커
    쳐큑llocate_arrays                   
     쿬p.c                  Functs=  4  
     읕쩡컴컴컴컴컴컴컴컴컴컴컴컴컴컴컴켸
        旼컴컴컴컴컴컴컴컴컴컴컴컴컴컴컴컴커
       쳐큦izeof                            
        (library)               Used=  5  
        읕컴컴컴컴컴컴컴컴컴컴컴컴컴컴컴컴켸
        旼컴컴컴컴컴컴컴컴컴컴컴컴컴컴컴컴커
       쳐큣rintf                            
        (library)               Used= 15  
        읕컴컴컴컴컴컴컴컴컴컴컴컴컴컴컴컴켸
        旼컴컴컴컴컴컴컴컴컴컴컴컴컴컴컴컴커
       쳐큖xit                              
        (library)               Used= 10  
        읕컴컴컴컴컴컴컴컴컴컴컴컴컴컴컴컴켸
        旼컴컴컴컴컴컴컴컴컴컴컴컴컴컴컴컴커
       읕큟alloc                            
         (library)               Used=  5  
         읕컴컴컴컴컴컴컴컴컴컴컴컴컴컴컴컴켸
     旼컴컴컴컴컴컴컴컴컴컴컴컴컴컴컴컴커
    쳐큛nitialize_globals                
     쿬p.c                  Functs=  7  
     읕쩡컴컴컴컴컴컴컴컴컴컴컴컴컴컴컴켸
        旼컴컴컴컴컴컴컴컴컴컴컴컴컴컴컴컴커
       쳐큒uild_box_parts                   
        쿬pfuncts.c            Functs=  0  
        읕컴컴컴컴컴컴컴컴컴컴컴컴컴컴컴컴켸
        旼컴컴컴컴컴컴컴컴컴컴컴컴컴컴컴컴커
       쳐큣rintf                            
        (library)               Used=  1  
        읕컴컴컴컴컴컴컴컴컴컴컴컴컴컴컴컴켸
        旼컴컴컴컴컴컴컴컴컴컴컴컴컴컴컴컴커
       쳐큖xit                              
        (library)               Used=  1  
        읕컴컴컴컴컴컴컴컴컴컴컴컴컴컴컴컴켸
        旼컴컴컴컴컴컴컴컴컴컴컴컴컴컴컴컴커
       쳐_strdate                          
        (library)               Used=  1  
        읕컴컴컴컴컴컴컴컴컴컴컴컴컴컴컴컴켸
        旼컴컴컴컴컴컴컴컴컴컴컴컴컴컴컴컴커
       쳐_strtime                          
        (library)               Used=  1  
        읕컴컴컴컴컴컴컴컴컴컴컴컴컴컴컴컴켸
        旼컴컴컴컴컴컴컴컴컴컴컴컴컴컴컴컴커
       쳐큑toi                              
        (library)               Used=  1  
        읕컴컴컴컴컴컴컴컴컴컴컴컴컴컴컴컴켸
 12/22/92   5:24 pm  C PRINTER - (c) 1987, 1988 rev. 1.3             Page:   3
 ______________________________________________________________________________

        旼컴컴컴컴컴컴컴컴컴컴컴컴컴컴컴컴커
       읕큦printf                           
         (library)               Used=  1  
         읕컴컴컴컴컴컴컴컴컴컴컴컴컴컴컴컴켸
     旼컴컴컴컴컴컴컴컴컴컴컴컴컴컴컴컴커
    쳐큒uild_records_from_list           
     쿬p.c                  Functs=  6  
     읕쩡컴컴컴컴컴컴컴컴컴컴컴컴컴컴컴켸
        旼컴컴컴컴컴컴컴컴컴컴컴컴컴컴컴컴커
       쳐큗eof                              
        (library)               Used=  1  
        읕컴컴컴컴컴컴컴컴컴컴컴컴컴컴컴컴켸
        旼컴컴컴컴컴컴컴컴컴컴컴컴컴컴컴컴커
       쳐큗gets                             
        (library)               Used=  1  
        읕컴컴컴컴컴컴컴컴컴컴컴컴컴컴컴컴켸
        旼컴컴컴컴컴컴컴컴컴컴컴컴컴컴컴컴커
       쳐큦trlen                            
        (library)               Used=  1  
        읕컴컴컴컴컴컴컴컴컴컴컴컴컴컴컴컴켸
        旼컴컴컴컴컴컴컴컴컴컴컴컴컴컴컴컴커
       쳐큦scanf                            
        (library)               Used=  1  
        읕컴컴컴컴컴컴컴컴컴컴컴컴컴컴컴컴켸
        旼컴컴컴컴컴컴컴컴컴컴컴컴컴컴컴컴커
       쳐큣rintf                            
        (library)               Used=  2  
        읕컴컴컴컴컴컴컴컴컴컴컴컴컴컴컴컴켸
        旼컴컴컴컴컴컴컴컴컴컴컴컴컴컴컴컴커
       읕큒uild_the_data_base               
         쿬pbuild.c             Functs= 11  
         읕쩡컴컴컴컴컴컴컴컴컴컴컴컴컴컴컴켸
            旼컴컴컴컴컴컴컴컴컴컴컴컴컴컴컴컴커
           쳐큣rintf                            
            (library)               Used= 18  
            읕컴컴컴컴컴컴컴컴컴컴컴컴컴컴컴컴켸
            旼컴컴컴컴컴컴컴컴컴컴컴컴컴컴컴컴커
           쳐큗open                             
            (library)               Used=  1  
            읕컴컴컴컴컴컴컴컴컴컴컴컴컴컴컴컴켸
            旼컴컴컴컴컴컴컴컴컴컴컴컴컴컴컴컴커
           쳐큦trdup                            
            (library)               Used=  3  
            읕컴컴컴컴컴컴컴컴컴컴컴컴컴컴컴컴켸
            旼컴컴컴컴컴컴컴컴컴컴컴컴컴컴컴컴커
           쳐큖xit                              
            (library)               Used=  5  
            읕컴컴컴컴컴컴컴컴컴컴컴컴컴컴컴컴켸
            旼컴컴컴컴컴컴컴컴컴컴컴컴컴컴컴컴커
           쳐큙et_to_next_possible_token        
            (defined)               Used=  4  
            읕컴컴컴컴컴컴컴컴컴컴컴컴컴컴컴컴켸
            旼컴컴컴컴컴컴컴컴컴컴컴컴컴컴컴컴커
           쳐큨nget_chars                       
            (defined)               Used=  2  
            읕컴컴컴컴컴컴컴컴컴컴컴컴컴컴컴컴켸
 12/22/92   5:24 pm  C PRINTER - (c) 1987, 1988 rev. 1.3             Page:   4
 ______________________________________________________________________________

            旼컴컴컴컴컴컴컴컴컴컴컴컴컴컴컴컴커
           쳐큛s_legal_identifier_character     
            쿬pbuild.c             Functs=  0  
            읕컴컴컴컴컴컴컴컴컴컴컴컴컴컴컴컴켸
            旼컴컴컴컴컴컴컴컴컴컴컴컴컴컴컴컴커
           쳐큦trcmp                            
            (library)               Used=  1  
            읕컴컴컴컴컴컴컴컴컴컴컴컴컴컴컴컴켸
            旼컴컴컴컴컴컴컴컴컴컴컴컴컴컴컴컴커
           쳐큧est_and_add                      
            쿬pbuild.c             Functs=  4  
            읕쩡컴컴컴컴컴컴컴컴컴컴컴컴컴컴컴켸
               旼컴컴컴컴컴컴컴컴컴컴컴컴컴컴컴컴커
              쳐큦trcmp                            
               (library)               Used=  3  
               읕컴컴컴컴컴컴컴컴컴컴컴컴컴컴컴컴켸
               旼컴컴컴컴컴컴컴컴컴컴컴컴컴컴컴컴커
              쳐큦trdup                            
               (library)               Used=  1  
               읕컴컴컴컴컴컴컴컴컴컴컴컴컴컴컴컴켸
               旼컴컴컴컴컴컴컴컴컴컴컴컴컴컴컴컴커
              쳐큗printf                           
               (library)               Used=  2  
               읕컴컴컴컴컴컴컴컴컴컴컴컴컴컴컴컴켸
               旼컴컴컴컴컴컴컴컴컴컴컴컴컴컴컴컴커
              읕큖xit                              
                (library)               Used=  2  
                읕컴컴컴컴컴컴컴컴컴컴컴컴컴컴컴컴켸
            旼컴컴컴컴컴컴컴컴컴컴컴컴컴컴컴컴커
           쳐큗close                            
            (library)               Used=  1  
            읕컴컴컴컴컴컴컴컴컴컴컴컴컴컴컴컴켸
            旼컴컴컴컴컴컴컴컴컴컴컴컴컴컴컴컴커
           읕큟ark_as_static                    
             쿬pbuild.c             Functs=  1  
             읕쩡컴컴컴컴컴컴컴컴컴컴컴컴컴컴컴켸
                旼컴컴컴컴컴컴컴컴컴컴컴컴컴컴컴컴커
               읕큦trcmp                            
                 (library)               Used=  1  
                 읕컴컴컴컴컴컴컴컴컴컴컴컴컴컴컴컴켸
     旼컴컴컴컴컴컴컴컴컴컴컴컴컴컴컴컴커
    쳐큦ort_the_data_base_array          
     쿬p.c                  Functs=  2  
     읕쩡컴컴컴컴컴컴컴컴컴컴컴컴컴컴컴켸
        旼컴컴컴컴컴컴컴컴컴컴컴컴컴컴컴컴커
       쳐큣rintf                            
        (library)               Used=  3  
        읕컴컴컴컴컴컴컴컴컴컴컴컴컴컴컴컴켸
        旼컴컴컴컴컴컴컴컴컴컴컴컴컴컴컴컴커
       읕큦trcmp                            
         (library)               Used=  1  
         읕컴컴컴컴컴컴컴컴컴컴컴컴컴컴컴컴켸
     旼컴컴컴컴컴컴컴컴컴컴컴컴컴컴컴컴커
    쳐큦how_function_relationships       
     쿬p.c                  Functs=  6  
     읕쩡컴컴컴컴컴컴컴컴컴컴컴컴컴컴컴켸
 12/22/92   5:24 pm  C PRINTER - (c) 1987, 1988 rev. 1.3             Page:   5
 ______________________________________________________________________________

        旼컴컴컴컴컴컴컴컴컴컴컴컴컴컴컴컴커
       쳐큒inary_search_sorted_data_base    
        (defined)               Used=  1  
        읕컴컴컴컴컴컴컴컴컴컴컴컴컴컴컴컴켸
        旼컴컴컴컴컴컴컴컴컴컴컴컴컴컴컴컴커
       쳐큣rintf                            
        (library)               Used=  3  
        읕컴컴컴컴컴컴컴컴컴컴컴컴컴컴컴컴켸
        旼컴컴컴컴컴컴컴컴컴컴컴컴컴컴컴컴커
       쳐큓ount_all_defined_references      
        쿬p.c                  Functs=  3  
        읕쩡컴컴컴컴컴컴컴컴컴컴컴컴컴컴컴켸
           旼컴컴컴컴컴컴컴컴컴컴컴컴컴컴컴컴커
          쳐큒inary_search_sorted_data_base    
           (defined)               Used=  1  
           읕컴컴컴컴컴컴컴컴컴컴컴컴컴컴컴컴켸
           旼컴컴컴컴컴컴컴컴컴컴컴컴컴컴컴컴커
          쳐큦can_for_static_or_global         
           (defined)               Used=  1  
           읕컴컴컴컴컴컴컴컴컴컴컴컴컴컴컴컴켸
           旼컴컴컴컴컴컴컴컴컴컴컴컴컴컴컴컴커
          읕큣rintf                            
            (library)               Used=  1  
            읕컴컴컴컴컴컴컴컴컴컴컴컴컴컴컴컴켸
        旼컴컴컴컴컴컴컴컴컴컴컴컴컴컴컴컴커
       쳐큕oprint                           
        (defined)               Used=  2  
        읕컴컴컴컴컴컴컴컴컴컴컴컴컴컴컴컴켸
        旼컴컴컴컴컴컴컴컴컴컴컴컴컴컴컴컴커
       쳐큗printf                           
        (library)               Used=  1  
        읕컴컴컴컴컴컴컴컴컴컴컴컴컴컴컴컴켸
        旼컴컴컴컴컴컴컴컴컴컴컴컴컴컴컴컴커
       읕큖xit                              
         (library)               Used=  1  
         읕컴컴컴컴컴컴컴컴컴컴컴컴컴컴컴컴켸
     旼컴컴컴컴컴컴컴컴컴컴컴컴컴컴컴컴커
    쳐큦how_page_references              
     쿬p.c                  Functs=  4  
     읕쩡컴컴컴컴컴컴컴컴컴컴컴컴컴컴컴켸
        旼컴컴컴컴컴컴컴컴컴컴컴컴컴컴컴컴커
       쳐큕o_top_of_page                    
        (defined)               Used=  1  
        읕컴컴컴컴컴컴컴컴컴컴컴컴컴컴컴컴켸
        旼컴컴컴컴컴컴컴컴컴컴컴컴컴컴컴컴커
       쳐큗printf                           
        (library)               Used=  6  
        읕컴컴컴컴컴컴컴컴컴컴컴컴컴컴컴컴켸
        旼컴컴컴컴컴컴컴컴컴컴컴컴컴컴컴컴커
       쳐큒ump_line_count                   
        (defined)               Used=  3  
        읕컴컴컴컴컴컴컴컴컴컴컴컴컴컴컴컴켸
        旼컴컴컴컴컴컴컴컴컴컴컴컴컴컴컴컴커
       읕큗putc                             
         (library)               Used=  1  
         읕컴컴컴컴컴컴컴컴컴컴컴컴컴컴컴컴켸
 12/22/92   5:24 pm  C PRINTER - (c) 1987, 1988 rev. 1.3             Page:   6
 ______________________________________________________________________________

     旼컴컴컴컴컴컴컴컴컴컴컴컴컴컴컴컴커
    쳐큦how_line_and_byte_counts         
     쿬p.c                  Functs=  4  
     읕쩡컴컴컴컴컴컴컴컴컴컴컴컴컴컴컴켸
        旼컴컴컴컴컴컴컴컴컴컴컴컴컴컴컴컴커
       쳐큕o_top_of_page                    
        (defined)               Used=  1  
        읕컴컴컴컴컴컴컴컴컴컴컴컴컴컴컴컴켸
        旼컴컴컴컴컴컴컴컴컴컴컴컴컴컴컴컴커
       쳐큗printf                           
        (library)               Used=  7  
        읕컴컴컴컴컴컴컴컴컴컴컴컴컴컴컴컴켸
        旼컴컴컴컴컴컴컴컴컴컴컴컴컴컴컴컴커
       쳐큒ump_line_count                   
        (defined)               Used=  8  
        읕컴컴컴컴컴컴컴컴컴컴컴컴컴컴컴컴켸
        旼컴컴컴컴컴컴컴컴컴컴컴컴컴컴컴컴커
       읕큗putc                             
         (library)               Used=  2  
         읕컴컴컴컴컴컴컴컴컴컴컴컴컴컴컴컴켸
     旼컴컴컴컴컴컴컴컴컴컴컴컴컴컴컴컴커
    쳐큦how_sorted_function_list         
     쿬p.c                  Functs=  4  
     읕쩡컴컴컴컴컴컴컴컴컴컴컴컴컴컴컴켸
        旼컴컴컴컴컴컴컴컴컴컴컴컴컴컴컴컴커
       쳐큕o_top_of_page                    
        (defined)               Used=  1  
        읕컴컴컴컴컴컴컴컴컴컴컴컴컴컴컴컴켸
        旼컴컴컴컴컴컴컴컴컴컴컴컴컴컴컴컴커
       쳐큗printf                           
        (library)               Used=  8  
        읕컴컴컴컴컴컴컴컴컴컴컴컴컴컴컴컴켸
        旼컴컴컴컴컴컴컴컴컴컴컴컴컴컴컴컴커
       쳐큒ump_line_count                   
        (defined)               Used=  6  
        읕컴컴컴컴컴컴컴컴컴컴컴컴컴컴컴컴켸
        旼컴컴컴컴컴컴컴컴컴컴컴컴컴컴컴컴커
       읕큗putc                             
         (library)               Used=  1  
         읕컴컴컴컴컴컴컴컴컴컴컴컴컴컴컴컴켸
     旼컴컴컴컴컴컴컴컴컴컴컴컴컴컴컴컴커
    쳐큦how_unused_if_any                
     쿬p.c                  Functs=  7  
     읕쩡컴컴컴컴컴컴컴컴컴컴컴컴컴컴컴켸
        旼컴컴컴컴컴컴컴컴컴컴컴컴컴컴컴컴커
       쳐큕o_top_of_page                    
        (defined)               Used=  1  
        읕컴컴컴컴컴컴컴컴컴컴컴컴컴컴컴컴켸
        旼컴컴컴컴컴컴컴컴컴컴컴컴컴컴컴컴커
       쳐큗printf                           
        (library)               Used=  5  
        읕컴컴컴컴컴컴컴컴컴컴컴컴컴컴컴컴켸
        旼컴컴컴컴컴컴컴컴컴컴컴컴컴컴컴컴커
       쳐큒ump_line_count                   
        (defined)               Used=  5  
        읕컴컴컴컴컴컴컴컴컴컴컴컴컴컴컴컴켸
 12/22/92   5:24 pm  C PRINTER - (c) 1987, 1988 rev. 1.3             Page:   7
 ______________________________________________________________________________

        旼컴컴컴컴컴컴컴컴컴컴컴컴컴컴컴컴커
       쳐큟alloc                            
        (library)               Used=  1  
        읕컴컴컴컴컴컴컴컴컴컴컴컴컴컴컴컴켸
        旼컴컴컴컴컴컴컴컴컴컴컴컴컴컴컴컴커
       쳐큣rintf                            
        (library)               Used=  2  
        읕컴컴컴컴컴컴컴컴컴컴컴컴컴컴컴컴켸
        旼컴컴컴컴컴컴컴컴컴컴컴컴컴컴컴컴커
       쳐큦trcmp                            
        (library)               Used=  1  
        읕컴컴컴컴컴컴컴컴컴컴컴컴컴컴컴컴켸
        旼컴컴컴컴컴컴컴컴컴컴컴컴컴컴컴컴커
       읕큧ab_to_left_margin                
         (defined)               Used=  1  
         읕컴컴컴컴컴컴컴컴컴컴컴컴컴컴컴컴켸
     旼컴컴컴컴컴컴컴컴컴컴컴컴컴컴컴컴커
    쳐큦how_library_functions            
     쿬p.c                  Functs=  7  
     읕쩡컴컴컴컴컴컴컴컴컴컴컴컴컴컴컴켸
        旼컴컴컴컴컴컴컴컴컴컴컴컴컴컴컴컴커
       쳐큣rintf                            
        (library)               Used=  5  
        읕컴컴컴컴컴컴컴컴컴컴컴컴컴컴컴컴켸
        旼컴컴컴컴컴컴컴컴컴컴컴컴컴컴컴컴커
       쳐큕o_top_of_page                    
        (defined)               Used=  1  
        읕컴컴컴컴컴컴컴컴컴컴컴컴컴컴컴컴켸
        旼컴컴컴컴컴컴컴컴컴컴컴컴컴컴컴컴커
       쳐큗printf                           
        (library)               Used=  6  
        읕컴컴컴컴컴컴컴컴컴컴컴컴컴컴컴컴켸
        旼컴컴컴컴컴컴컴컴컴컴컴컴컴컴컴컴커
       쳐큒ump_line_count                   
        (defined)               Used=  6  
        읕컴컴컴컴컴컴컴컴컴컴컴컴컴컴컴컴켸
        旼컴컴컴컴컴컴컴컴컴컴컴컴컴컴컴컴커
       쳐큒inary_search_sorted_data_base    
        (defined)               Used=  1  
        읕컴컴컴컴컴컴컴컴컴컴컴컴컴컴컴컴켸
        旼컴컴컴컴컴컴컴컴컴컴컴컴컴컴컴컴커
       쳐큦trcmp                            
        (library)               Used=  2  
        읕컴컴컴컴컴컴컴컴컴컴컴컴컴컴컴컴켸
        旼컴컴컴컴컴컴컴컴컴컴컴컴컴컴컴컴커
       읕큗putc                             
         (library)               Used=  1  
         읕컴컴컴컴컴컴컴컴컴컴컴컴컴컴컴컴켸
     旼컴컴컴컴컴컴컴컴컴컴컴컴컴컴컴컴커
    쳐큦how_files_leading_comments       
     쿬p.c                  Functs=  3  
     읕쩡컴컴컴컴컴컴컴컴컴컴컴컴컴컴컴켸
        旼컴컴컴컴컴컴컴컴컴컴컴컴컴컴컴컴커
       쳐큕o_top_of_page                    
        (defined)               Used=  2  
        읕컴컴컴컴컴컴컴컴컴컴컴컴컴컴컴컴켸
 12/22/92   5:24 pm  C PRINTER - (c) 1987, 1988 rev. 1.3             Page:   8
 ______________________________________________________________________________

        旼컴컴컴컴컴컴컴컴컴컴컴컴컴컴컴컴커
       쳐큗printf                           
        (library)               Used=  3  
        읕컴컴컴컴컴컴컴컴컴컴컴컴컴컴컴컴켸
        旼컴컴컴컴컴컴컴컴컴컴컴컴컴컴컴컴커
       읕큒ump_line_count                   
         (defined)               Used=  3  
         읕컴컴컴컴컴컴컴컴컴컴컴컴컴컴컴컴켸
     旼컴컴컴컴컴컴컴컴컴컴컴컴컴컴컴컴커
    쳐큕eallocate_arrays                 
     쿬p.c                  Functs=  1  
     읕쩡컴컴컴컴컴컴컴컴컴컴컴컴컴컴컴켸
        旼컴컴컴컴컴컴컴컴컴컴컴컴컴컴컴컴커
       읕큗ree                              
         (library)               Used=  5  
         읕컴컴컴컴컴컴컴컴컴컴컴컴컴컴컴컴켸
     旼컴컴컴컴컴컴컴컴컴컴컴컴컴컴컴컴커
    읕큗printf                           
      (library)               Used=  1  
      읕컴컴컴컴컴컴컴컴컴컴컴컴컴컴컴컴켸


  旼컴컴컴컴컴컴컴컴컴컴컴컴컴컴컴컴커
 캑binary_search_sorted_data_base    
  쿬pfuncts.c            Functs=  1  
  읕쩡컴컴컴컴컴컴컴컴컴컴컴컴컴컴컴켸
     旼컴컴컴컴컴컴컴컴컴컴컴컴컴컴컴컴커
    읕큦trcmp                            
      (library)               Used=  1  
      읕컴컴컴컴컴컴컴컴컴컴컴컴컴컴컴컴켸




  旼컴컴컴컴컴컴컴컴컴컴컴컴컴컴컴컴커
 캑bump_line_count                   
  쿬p.c                  Functs=  2  
  읕쩡컴컴컴컴컴컴컴컴컴컴컴컴컴컴컴켸
     旼컴컴컴컴컴컴컴컴컴컴컴컴컴컴컴컴커
    쳐큓heck_for_new_page                
     (defined)               Used=  1  
     읕컴컴컴컴컴컴컴컴컴컴컴컴컴컴컴컴켸
     旼컴컴컴컴컴컴컴컴컴컴컴컴컴컴컴컴커
    읕큧ab_to_left_margin                
      (defined)               Used=  1  
      읕컴컴컴컴컴컴컴컴컴컴컴컴컴컴컴컴켸

  旼컴컴컴컴컴컴컴컴컴컴컴컴컴컴컴컴커
 캑check_for_new_page                
  쿬pfuncts.c            Functs=  4  
  읕쩡컴컴컴컴컴컴컴컴컴컴컴컴컴컴컴켸
     旼컴컴컴컴컴컴컴컴컴컴컴컴컴컴컴컴커
    쳐큗printf                           
     (library)               Used=  5  
     읕컴컴컴컴컴컴컴컴컴컴컴컴컴컴컴컴켸
 12/22/92   5:24 pm  C PRINTER - (c) 1987, 1988 rev. 1.3             Page:   9
 ______________________________________________________________________________

     旼컴컴컴컴컴컴컴컴컴컴컴컴컴컴컴컴커
    쳐큧ab_to_left_margin                
     (defined)               Used=  2  
     읕컴컴컴컴컴컴컴컴컴컴컴컴컴컴컴컴켸
     旼컴컴컴컴컴컴컴컴컴컴컴컴컴컴컴컴커
    쳐큦trlen                            
     (library)               Used=  1  
     읕컴컴컴컴컴컴컴컴컴컴컴컴컴컴컴컴켸
     旼컴컴컴컴컴컴컴컴컴컴컴컴컴컴컴컴커
    읕큗putc                             
      (library)               Used=  2  
      읕컴컴컴컴컴컴컴컴컴컴컴컴컴컴컴컴켸



  旼컴컴컴컴컴컴컴컴컴컴컴컴컴컴컴컴커
 캑do_top_of_page                    
  쿬p.c                  Functs=  2  
  읕쩡컴컴컴컴컴컴컴컴컴컴컴컴컴컴컴켸
     旼컴컴컴컴컴컴컴컴컴컴컴컴컴컴컴컴커
    쳐큓heck_for_new_page                
     (defined)               Used=  1  
     읕컴컴컴컴컴컴컴컴컴컴컴컴컴컴컴컴켸
     旼컴컴컴컴컴컴컴컴컴컴컴컴컴컴컴컴커
    읕큧ab_to_left_margin                
      (defined)               Used=  1  
      읕컴컴컴컴컴컴컴컴컴컴컴컴컴컴컴컴켸

  旼컴컴컴컴컴컴컴컴컴컴컴컴컴컴컴컴커
 캑doprint                           
  쿬pfuncts.c            Functs=  9  
  읕쩡컴컴컴컴컴컴컴컴컴컴컴컴컴컴컴켸
     旼컴컴컴컴컴컴컴컴컴컴컴컴컴컴컴컴커
    쳐큓heck_for_new_page                
     (defined)               Used=  2  
     읕컴컴컴컴컴컴컴컴컴컴컴컴컴컴컴컴켸
     旼컴컴컴컴컴컴컴컴컴컴컴컴컴컴컴컴커
    쳐큦etpage                           
     (defined)               Used=  3  
     읕컴컴컴컴컴컴컴컴컴컴컴컴컴컴컴컴켸
     旼컴컴컴컴컴컴컴컴컴컴컴컴컴컴컴컴커
    쳐큕raw_output_block                 
     (defined)               Used=  4  
     읕컴컴컴컴컴컴컴컴컴컴컴컴컴컴컴컴켸
     旼컴컴컴컴컴컴컴컴컴컴컴컴컴컴컴컴커
    쳐큦trcat                            
     (library)               Used=  1  
     읕컴컴컴컴컴컴컴컴컴컴컴컴컴컴컴컴켸
     旼컴컴컴컴컴컴컴컴컴컴컴컴컴컴컴컴커
    쳐큦trlen                            
     (library)               Used=  2  
     읕컴컴컴컴컴컴컴컴컴컴컴컴컴컴컴컴켸
     旼컴컴컴컴컴컴컴컴컴컴컴컴컴컴컴컴커
    쳐큒inary_search_sorted_data_base    
     (defined)               Used=  1  
     읕컴컴컴컴컴컴컴컴컴컴컴컴컴컴컴컴켸
 12/22/92   5:24 pm  C PRINTER - (c) 1987, 1988 rev. 1.3             Page:  10
 ______________________________________________________________________________

     旼컴컴컴컴컴컴컴컴컴컴컴컴컴컴컴컴커
    쳐큦can_for_static_or_global         
     (defined)               Used=  1  
     읕컴컴컴컴컴컴컴컴컴컴컴컴컴컴컴컴켸
     旼컴컴컴컴컴컴컴컴컴컴컴컴컴컴컴컴커
    쳐큥ecursion_check                   
     쿬pfuncts.c            Functs=  1  
     읕쩡컴컴컴컴컴컴컴컴컴컴컴컴컴컴컴켸
        旼컴컴컴컴컴컴컴컴컴컴컴컴컴컴컴컴커
       읕큦trcmp                            
         (library)               Used=  3  
         읕컴컴컴컴컴컴컴컴컴컴컴컴컴컴컴컴켸
     旼컴컴컴컴컴컴컴컴컴컴컴컴컴컴컴컴커
    읕큕oprint                           
      (recursive)                    0  
      읕컴컴컴컴컴컴컴컴컴컴컴컴컴컴컴컴켸

  旼컴컴컴컴컴컴컴컴컴컴컴컴컴컴컴컴커
 캑draw_output_block                 
  쿬pfuncts.c            Functs=  4  
  읕쩡컴컴컴컴컴컴컴컴컴컴컴컴컴컴컴켸
     旼컴컴컴컴컴컴컴컴컴컴컴컴컴컴컴컴커
    쳐큧ab_to_left_margin                
     (defined)               Used=  4  
     읕컴컴컴컴컴컴컴컴컴컴컴컴컴컴컴컴켸
     旼컴컴컴컴컴컴컴컴컴컴컴컴컴컴컴컴커
    쳐큗printf                           
     (library)               Used=  5  
     읕컴컴컴컴컴컴컴컴컴컴컴컴컴컴컴컴켸
     旼컴컴컴컴컴컴컴컴컴컴컴컴컴컴컴컴커
    쳐큦trlen                            
     (library)               Used=  1  
     읕컴컴컴컴컴컴컴컴컴컴컴컴컴컴컴컴켸
     旼컴컴컴컴컴컴컴컴컴컴컴컴컴컴컴컴커
    읕큦trncpy                           
      (library)               Used=  1  
      읕컴컴컴컴컴컴컴컴컴컴컴컴컴컴컴컴켸

  旼컴컴컴컴컴컴컴컴컴컴컴컴컴컴컴컴커
 캑get_chars                         
  쿬pbuild.c             Functs=  1  
  읕쩡컴컴컴컴컴컴컴컴컴컴컴컴컴컴컴켸
     旼컴컴컴컴컴컴컴컴컴컴컴컴컴컴컴컴커
    읕큗getc                             
      (library)               Used=  1  
      읕컴컴컴컴컴컴컴컴컴컴컴컴컴컴컴컴켸

  旼컴컴컴컴컴컴컴컴컴컴컴컴컴컴컴컴커
 캑get_to_next_possible_token        
  쿬pbuild.c             Functs=  3  
  읕쩡컴컴컴컴컴컴컴컴컴컴컴컴컴컴컴켸
     旼컴컴컴컴컴컴컴컴컴컴컴컴컴컴컴컴커
    쳐큙et_chars                         
     (defined)               Used=  6  
     읕컴컴컴컴컴컴컴컴컴컴컴컴컴컴컴컴켸
 12/22/92   5:24 pm  C PRINTER - (c) 1987, 1988 rev. 1.3             Page:  11
 ______________________________________________________________________________

     旼컴컴컴컴컴컴컴컴컴컴컴컴컴컴컴컴커
    쳐큦trlen                            
     (library)               Used=  1  
     읕컴컴컴컴컴컴컴컴컴컴컴컴컴컴컴컴켸
     旼컴컴컴컴컴컴컴컴컴컴컴컴컴컴컴컴커
    읕큨nget_chars                       
      (defined)               Used=  6  
      읕컴컴컴컴컴컴컴컴컴컴컴컴컴컴컴컴켸








  旼컴컴컴컴컴컴컴컴컴컴컴컴컴컴컴컴커
 캑scan_for_static_or_global         
  쿬pfuncts.c            Functs=  1  
  읕쩡컴컴컴컴컴컴컴컴컴컴컴컴컴컴컴켸
     旼컴컴컴컴컴컴컴컴컴컴컴컴컴컴컴컴커
    읕큦trcmp                            
      (library)               Used=  4  
      읕컴컴컴컴컴컴컴컴컴컴컴컴컴컴컴컴켸

  旼컴컴컴컴컴컴컴컴컴컴컴컴컴컴컴컴커
 캑setpage                           
  쿬pfuncts.c            Functs=  4  
  읕쩡컴컴컴컴컴컴컴컴컴컴컴컴컴컴컴켸
     旼컴컴컴컴컴컴컴컴컴컴컴컴컴컴컴컴커
    쳐큟alloc                            
     (library)               Used=  2  
     읕컴컴컴컴컴컴컴컴컴컴컴컴컴컴컴컴켸
     旼컴컴컴컴컴컴컴컴컴컴컴컴컴컴컴컴커
    쳐큦izeof                            
     (library)               Used=  2  
     읕컴컴컴컴컴컴컴컴컴컴컴컴컴컴컴컴켸
     旼컴컴컴컴컴컴컴컴컴컴컴컴컴컴컴컴커
    쳐큗printf                           
     (library)               Used=  2  
     읕컴컴컴컴컴컴컴컴컴컴컴컴컴컴컴컴켸
     旼컴컴컴컴컴컴컴컴컴컴컴컴컴컴컴컴커
    읕큖xit                              
      (library)               Used=  2  
      읕컴컴컴컴컴컴컴컴컴컴컴컴컴컴컴컴켸










 12/22/92   5:24 pm  C PRINTER - (c) 1987, 1988 rev. 1.3             Page:  12
 ______________________________________________________________________________

  旼컴컴컴컴컴컴컴컴컴컴컴컴컴컴컴컴커
 캑tab_to_left_margin                
  쿬pfuncts.c            Functs=  1  
  읕쩡컴컴컴컴컴컴컴컴컴컴컴컴컴컴컴켸
     旼컴컴컴컴컴컴컴컴컴컴컴컴컴컴컴컴커
    읕큗putc                             
      (library)               Used=  1  
      읕컴컴컴컴컴컴컴컴컴컴컴컴컴컴컴컴켸


  旼컴컴컴컴컴컴컴컴컴컴컴컴컴컴컴컴커
 캑unget_chars                       
  쿬pbuild.c             Functs=  2  
  읕쩡컴컴컴컴컴컴컴컴컴컴컴컴컴컴컴켸
     旼컴컴컴컴컴컴컴컴컴컴컴컴컴컴컴컴커
    쳐큗printf                           
     (library)               Used=  2  
     읕컴컴컴컴컴컴컴컴컴컴컴컴컴컴컴컴켸
     旼컴컴컴컴컴컴컴컴컴컴컴컴컴컴컴컴커
    읕큖xit                              
      (library)               Used=  1  
      읕컴컴컴컴컴컴컴컴컴컴컴컴컴컴컴컴켸
 12/22/92   5:24 pm  C PRINTER - (c) 1987, 1988 rev. 1.3             Page:  13
 ______________________________________________________________________________

 Function cross reference:
 static allocate_arrays                 -    2
        binary_search_sorted_data_base  -    5,   5,   7,   8,   9
        build_box_parts                 -    2
 static build_records_from_list         -    3
        build_the_data_base             -    3
 static bump_line_count                 -    5,   6,   6,   6,   7,   8,   8
        check_for_new_page              -    8,   8,   9,   9
 static count_all_defined_references    -    5
 static deallocate_arrays               -    8
 static do_top_of_page                  -    5,   6,   6,   6,   7,   7,   9
        doprint                         -    5,   9,  10
 static draw_output_block               -    9,  10
 static get_chars                       -   10,  10
 static get_to_next_possible_token      -    3,  10
 static initialize_globals              -    2
 static is_legal_identifier_character   -    4
        main                            -    1
 static mark_as_static                  -    4
        nasty                           -    1
        process_arguments               -    1
 static recursion_check                 -   10
        scan_for_static_or_global       -    5,  10,  11
 static setpage                         -    9,  11
 static show_files_leading_comments     -    7
 static show_function_relationships     -    4
 static show_library_functions          -    7
 static show_line_and_byte_counts       -    6
 static show_page_references            -    5
 static show_sorted_function_list       -    6
 static show_unused_if_any              -    6
 static sort_the_data_base_array        -    4
        tab_to_left_margin              -    7,   8,   9,   9,  10,  12
 static test_and_add                    -    4
 static unget_chars                     -    3,  11,  12
  12/22/92   5:24 pm  C PRINTER - (c) 1987, 1988 rev. 1.3             Page:  14
 ______________________________________________________________________________

 File statistics:
 cp.c                                     -      897 lines,        27795 bytes
 cpbuild.c                                -      715 lines,        26204 bytes
 cpinput.c                                -      270 lines,         9067 bytes
 cpfuncts.c                               -      489 lines,        16682 bytes
 
 Totals:
    4 files                               -     2371 lines,        79748 bytes
 
  35 defined functions found.
 Averages:
    592 lines/file,      8 functions/file,     67 lines/function
 12/22/92   5:24 pm  C PRINTER - (c) 1987, 1988 rev. 1.3             Page:  15
 ______________________________________________________________________________

 Function index:
 function                                in file                         refs
 ______________________________________________________________________________
 static allocate_arrays                  cp.c                             1
        binary_search_sorted_data_base   cpfuncts.c                       4
        build_box_parts                  cpfuncts.c                       1
 static build_records_from_list          cp.c                             1
        build_the_data_base              cpbuild.c                        1
 static bump_line_count                  cp.c                             31
        check_for_new_page               cpfuncts.c                       4
 static count_all_defined_references     cp.c                             1
 static deallocate_arrays                cp.c                             1
 static do_top_of_page                   cp.c                             7
        doprint                          cpfuncts.c                       3
 static draw_output_block                cpfuncts.c                       4
 static get_chars                        cpbuild.c                        6
 static get_to_next_possible_token       cpbuild.c                        4
 static initialize_globals               cp.c                             1
 static is_legal_identifier_character    cpbuild.c                        1
        main                             cp.c                             1
 static mark_as_static                   cpbuild.c                        1
        nasty                            cpinput.c                        1
        process_arguments                cpinput.c                        1
 static recursion_check                  cpfuncts.c                       1
        scan_for_static_or_global        cpfuncts.c                       2
 static setpage                          cpfuncts.c                       3
 static show_files_leading_comments      cp.c                             1
 static show_function_relationships      cp.c                             1
 static show_library_functions           cp.c                             1
 static show_line_and_byte_counts        cp.c                             1
 static show_page_references             cp.c                             1
 static show_sorted_function_list        cp.c                             1
 static show_unused_if_any               cp.c                             1
 static sort_the_data_base_array         cp.c                             1
        tab_to_left_margin               cpfuncts.c                       9
 static test_and_add                     cpbuild.c                        1
 static unget_chars                      cpbuild.c                        8
                                                                          ____
                                         total                            107
  12/22/92   5:24 pm  C PRINTER - (c) 1987, 1988 rev. 1.3             Page:  16
 ______________________________________________________________________________

 Un-used function list:
 static stop                            - cpfuncts.c                       
        totals                                 - 1
 